<?xml version="1.0" encoding="UTF-8"?>
<!-- Generated by org.testng.reporters.JUnitReportReporter -->
<testsuite hostname="NavinSampath" failures="0" tests="1" name="Day14.TagsLearning" time="0.012" errors="0" timestamp="16 Aug 2023 02:02:45 GMT" skipped="0">
  <testcase classname="Day14.TagsLearning" name="tc01" time="0.012"/>
</testsuite> <!-- Day14.TagsLearning -->
