<?xml version="1.0" encoding="UTF-8"?>
<!-- Generated by org.testng.reporters.JUnitReportReporter -->
<testsuite hostname="NavinSampath" failures="0" tests="4" name="Day15.TestNgTags" time="0.012" errors="0" timestamp="17 Aug 2023 03:07:35 GMT" skipped="0">
  <testcase classname="Day15.TestNgTags" name="FirstTc01" time="0.009"/>
  <testcase classname="Day15.TestNgTags" name="SecondTc02" time="0.001"/>
  <testcase classname="Day15.TestNgTags" name="ThirdTc03" time="0.001"/>
  <testcase classname="Day15.TestNgTags" name="FourthTC04" time="0.001"/>
</testsuite> <!-- Day15.TestNgTags -->
