<?xml version="1.0" encoding="UTF-8"?>
<!-- Generated by org.testng.reporters.JUnitReportReporter -->
<testsuite hostname="NavinSampath" failures="0" tests="1" name="Day14.Anotationswithselenium" time="5.466" errors="0" timestamp="16 Aug 2023 02:08:41 GMT" skipped="0">
  <testcase classname="Day14.Anotationswithselenium" name="logintest" time="5.466"/>
</testsuite> <!-- Day14.Anotationswithselenium -->
