<?xml version="1.0" encoding="UTF-8"?>
<!-- Generated by org.testng.reporters.JUnitReportReporter -->
<testsuite hostname="NavinSampath" failures="0" tests="1" name="Day17.TestNGTAgs" time="0.034" errors="0" timestamp="23 Aug 2023 02:56:59 GMT" skipped="0">
  <testcase classname="Day17.TestNGTAgs" name="click" time="0.034"/>
</testsuite> <!-- Day17.TestNGTAgs -->
