<?xml version="1.0" encoding="UTF-8"?>
<!-- Generated by org.testng.reporters.JUnitReportReporter -->
<testsuite hostname="NavinSampath" failures="0" tests="1" name="Day14.TestNgwithSelenium" time="5.833" errors="0" timestamp="16 Aug 2023 03:08:43 GMT" skipped="0">
  <testcase classname="Day14.TestNgwithSelenium" name="loginvalidation" time="5.833"/>
</testsuite> <!-- Day14.TestNgwithSelenium -->
