<?xml version="1.0" encoding="UTF-8"?>
<!-- Generated by org.testng.reporters.JUnitReportReporter -->
<testsuite hostname="NavinSampath" failures="0" tests="1" name="Day14.TestNgworking" time="0.010" errors="0" timestamp="16 Aug 2023 03:01:52 GMT" skipped="0">
  <testcase classname="Day14.TestNgworking" name="loginvalidations" time="0.010"/>
</testsuite> <!-- Day14.TestNgworking -->
