<?xml version="1.0" encoding="UTF-8"?>
<!-- Generated by org.testng.reporters.JUnitReportReporter -->
<testsuite hostname="NavinSampath" failures="0" tests="1" name="POM.Runner" time="1.037" errors="0" timestamp="28 Aug 2023 03:15:10 GMT" skipped="0">
  <testcase classname="POM.Runner" name="main" time="1.037"/>
</testsuite> <!-- POM.Runner -->
