<?xml version="1.0" encoding="UTF-8"?>
<!-- Generated by org.testng.reporters.JUnitReportReporter -->
<testsuite hostname="NavinSampath" failures="0" tests="2" name="Day13.TestNgLearning" time="0.031" errors="0" timestamp="15 Aug 2023 03:08:50 GMT" skipped="0">
  <testcase classname="Day13.TestNgLearning" name="TC01" time="0.027"/>
  <testcase classname="Day13.TestNgLearning" name="TC02" time="0.004"/>
</testsuite> <!-- Day13.TestNgLearning -->
